#
# A fatal error has been detected by the Java Runtime Environment:
#
#  EXCEPTION_ACCESS_VIOLATION (0xc0000005) at pc=0x00007ffbf32ad2f0, pid=22424, tid=33048
#
# JRE version: Java(TM) SE Runtime Environment (17.0.12+8) (build 17.0.12+8-LTS-286)
# Java VM: Java HotSpot(TM) 64-Bit Server VM (17.0.12+8-LTS-286, mixed mode, sharing, tiered, compressed oops, compressed class ptrs, g1 gc, windows-amd64)
# Problematic frame:
# C  [lwjgl_stb.dll+0xd2f0]
#
# No core dump will be written. Minidumps are not enabled by default on client versions of Windows
#
# If you would like to submit a bug report, please visit:
#   https://bugreport.java.com/bugreport/crash.jsp
# The crash happened outside the Java Virtual Machine in native code.
# See problematic frame for where to report the bug.
#

---------------  S U M M A R Y ------------

Command Line: -agentlib:jdwp=transport=dt_socket,server=n,suspend=y,address=localhost:52185 -XX:+ShowCodeDetailsInExceptionMessages zombie.game.lwjgl3.Lwjgl3Launcher

Host: AMD Ryzen 7 6800H with Radeon Graphics         , 16 cores, 13G,  Windows 11 , 64 bit Build 26100 (10.0.26100.3775)
Time: Tue Apr 22 11:25:12 2025 Malay Peninsula Standard Time elapsed time: 6.061730 seconds (0d 0h 0m 6s)

---------------  T H R E A D  ---------------

Current thread (0x0000022b525c59d0):  JavaThread "main" [_thread_in_native, id=33048, stack(0x0000009c55500000,0x0000009c55600000)]

Stack: [0x0000009c55500000,0x0000009c55600000],  sp=0x0000009c555fec30,  free space=1019k
Native frames: (J=compiled Java code, j=interpreted, Vv=VM code, C=native code)
C  [lwjgl_stb.dll+0xd2f0]

Java frames: (J=compiled Java code, j=interpreted, Vv=VM code)
j  org.lwjgl.stb.STBImage.nstbi_load_from_memory(JIJJJI)J+0
j  org.lwjgl.stb.STBImage.stbi_load_from_memory(Ljava/nio/ByteBuffer;Ljava/nio/IntBuffer;Ljava/nio/IntBuffer;Ljava/nio/IntBuffer;I)Ljava/nio/ByteBuffer;+43
j  zombie.game.TextureLoader.loadTexture(Ljava/lang/String;)I+55
j  zombie.game.Player.<init>(FF)V+60
j  zombie.game.GameScreen.init()V+9
j  zombie.game.GameScreen.show()V+1
j  zombie.game.GameState.setCurrentScreen(Lcom/badlogic/gdx/Screen;)V+27
j  zombie.game.MainMenu.render(F)V+31
j  zombie.game.GameState.render(F)V+10
j  zombie.game.ZombieGame.render()V+37
j  com.badlogic.gdx.backends.lwjgl3.Lwjgl3Window.update()Z+187
j  com.badlogic.gdx.backends.lwjgl3.Lwjgl3Application.loop()V+111
j  com.badlogic.gdx.backends.lwjgl3.Lwjgl3Application.<init>(Lcom/badlogic/gdx/ApplicationListener;Lcom/badlogic/gdx/backends/lwjgl3/Lwjgl3ApplicationConfiguration;)V+269
j  zombie.game.lwjgl3.Lwjgl3Launcher.main([Ljava/lang/String;)V+46
v  ~StubRoutines::call_stub

siginfo: EXCEPTION_ACCESS_VIOLATION (0xc0000005), reading address 0x0000000000000010


Registers:
RAX=0x0000000000000010, RBX=0x0000009c555fedb0, RCX=0x0000009c555fedb0, RDX=0x0000022b443064a0
RSP=0x0000009c555fec30, RBP=0x0000000000000000, RSI=0x00007ffbf3308318, RDI=0x0000000000000000
R8 =0x0000022b443066b0, R9 =0x0000022b443063f0, R10=0x0000022b612d0fe2, R11=0x0000009c555fee98
R12=0x0000022b443064a0, R13=0x0000000000000008, R14=0x0000022b443063f0, R15=0x0000022b443066b0
RIP=0x00007ffbf32ad2f0, EFLAGS=0x0000000000010293


Register to memory mapping:

RIP=0x00007ffbf32ad2f0 lwjgl_stb.dll
RAX=0x0000000000000010 is an unknown value
RBX=0x0000009c555fedb0 is pointing into the stack for thread: 0x0000022b525c59d0
RCX=0x0000009c555fedb0 is pointing into the stack for thread: 0x0000022b525c59d0
RDX=0x0000022b443064a0 points into unknown readable memory: 0x006e6c6500000000 | 00 00 00 00 65 6c 6e 00
RSP=0x0000009c555fec30 is pointing into the stack for thread: 0x0000022b525c59d0
RBP=0x0 is NULL
RSI=0x00007ffbf3308318 lwjgl_stb.dll
RDI=0x0 is NULL
R8 =0x0000022b443066b0 points into unknown readable memory: 0x0000000000000000 | 00 00 00 00 00 00 00 00
R9 =0x0000022b443063f0 points into unknown readable memory: 0x0000000000000000 | 00 00 00 00 00 00 00 00
R10=0x0000022b612d0fe2 is at code_begin+1858 in an Interpreter codelet
method entry point (kind = native)  [0x0000022b612d08a0, 0x0000022b612d1940]  4256 bytes
R11=0x0000009c555fee98 is pointing into the stack for thread: 0x0000022b525c59d0
R12=0x0000022b443064a0 points into unknown readable memory: 0x006e6c6500000000 | 00 00 00 00 65 6c 6e 00
R13=0x0000000000000008 is an unknown value
R14=0x0000022b443063f0 points into unknown readable memory: 0x0000000000000000 | 00 00 00 00 00 00 00 00
R15=0x0000022b443066b0 points into unknown readable memory: 0x0000000000000000 | 00 00 00 00 00 00 00 00


Top of Stack: (sp=0x0000009c555fec30)
0x0000009c555fec30:   0000000000000000 0000000000000000
0x0000009c555fec40:   0000000000000000 0000000000000000
0x0000009c555fec50:   0000009c555fedb0 00007ffbf32a3b4a
0x0000009c555fec60:   0000022b757526b8 0000000000000004
0x0000009c555fec70:   0000000000000000 0000022b613200b6
0x0000009c555fec80:   0000022b61320480 0000000000000000
0x0000009c555fec90:   0000000000000000 0000000000000000
0x0000009c555feca0:   0000022b61320080 0000000000010000
0x0000009c555fecb0:   0000009c555fec10 0000000000000000
0x0000009c555fecc0:   0000000000000000 0000000000000000
0x0000009c555fecd0:   0000022b443063f0 0000000000000004
0x0000009c555fece0:   0000022b443064a0 0000022b443066b0
0x0000009c555fecf0:   0000000000000120 00007ffbf32a42dc
0x0000009c555fed00:   0000009c555fec10 0000022b757526b8
0x0000009c555fed10:   0000009c555fef58 0000022b443063f0
0x0000009c555fed20:   0000022b00000004 0000009c555fed40 

Instructions: (pc=0x00007ffbf32ad2f0)
0x00007ffbf32ad1f0:   cf eb 05 4c 89 54 24 20 41 8b c1 83 e9 02 41 c1
0x00007ffbf32ad200:   e9 02 44 89 4c 24 34 89 4c 24 30 83 e0 03 75 0c
0x00007ffbf32ad210:   48 8d 4c 24 20 e8 b6 f8 ff ff eb 5d 83 f8 03 0f
0x00007ffbf32ad220:   84 85 00 00 00 83 f8 01 75 37 41 b8 20 01 00 00
0x00007ffbf32ad230:   48 8d 15 f9 ac 05 00 48 8d 4c 24 54 e8 1f ee ff
0x00007ffbf32ad240:   ff 85 c0 74 65 41 b8 20 00 00 00 48 8d 15 7e b0
0x00007ffbf32ad250:   05 00 48 8d 8c 24 38 08 00 00 e8 01 ee ff ff eb
0x00007ffbf32ad260:   0a 48 8d 4c 24 20 e8 75 f5 ff ff 85 c0 74 3b 48
0x00007ffbf32ad270:   8d 4c 24 20 e8 d7 f2 ff ff 85 c0 74 2d 85 db 75
0x00007ffbf32ad280:   18 44 8b 4c 24 34 8b 4c 24 30 4c 8b 54 24 28 4c
0x00007ffbf32ad290:   8b 44 24 20 e9 c7 fe ff ff 8b 44 24 38 2b 44 24
0x00007ffbf32ad2a0:   40 48 81 c4 20 10 00 00 5b c3 b8 ff ff ff ff 48
0x00007ffbf32ad2b0:   81 c4 20 10 00 00 5b c3 cc cc cc cc cc cc cc cc
0x00007ffbf32ad2c0:   48 89 5c 24 08 48 89 74 24 10 57 48 83 ec 20 48
0x00007ffbf32ad2d0:   8b d9 48 8d 35 3f b0 05 00 33 ff 0f 1f 44 00 00
0x00007ffbf32ad2e0:   48 8b 83 c0 00 00 00 48 3b 83 c8 00 00 00 73 0f
0x00007ffbf32ad2f0:   0f b6 08 48 ff c0 48 89 83 c0 00 00 00 eb 26 83
0x00007ffbf32ad300:   7b 30 00 74 1e 48 8b cb e8 23 82 ff ff 48 8b 83
0x00007ffbf32ad310:   c0 00 00 00 0f b6 08 48 ff c0 48 89 83 c0 00 00
0x00007ffbf32ad320:   00 eb 02 32 c9 3a 0c 37 75 1e 48 ff c7 48 83 ff
0x00007ffbf32ad330:   08 7c ad b8 01 00 00 00 48 8b 5c 24 30 48 8b 74
0x00007ffbf32ad340:   24 38 48 83 c4 20 5f c3 65 48 8b 04 25 58 00 00
0x00007ffbf32ad350:   00 8b 0d f9 e1 06 00 48 8b 5c 24 30 48 8b 74 24
0x00007ffbf32ad360:   38 ba 20 00 00 00 48 8b 0c c8 48 8d 05 ff d8 05
0x00007ffbf32ad370:   00 48 89 04 0a 33 c0 48 83 c4 20 5f c3 cc cc cc
0x00007ffbf32ad380:   48 89 5c 24 10 44 89 4c 24 20 55 56 57 41 54 41
0x00007ffbf32ad390:   55 41 56 41 57 48 81 ec a0 00 00 00 44 8b b4 24
0x00007ffbf32ad3a0:   08 01 00 00 45 33 ed 83 bc 24 10 01 00 00 10 45
0x00007ffbf32ad3b0:   8b d5 48 8b f1 41 8b e8 8b 8c 24 00 01 00 00 41
0x00007ffbf32ad3c0:   0f 94 c2 41 ff c2 89 4c 24 30 41 8b fa 48 8b da
0x00007ffbf32ad3d0:   48 8b 06 45 8b f9 41 0f af f9 8b 50 08 44 8b e2
0x00007ffbf32ad3e0:   45 0f af e2 44 8b c7 89 94 24 e0 00 00 00 44 0f 


Stack slot to memory mapping:
stack at sp + 0 slots: 0x0 is NULL
stack at sp + 1 slots: 0x0 is NULL
stack at sp + 2 slots: 0x0 is NULL
stack at sp + 3 slots: 0x0 is NULL
stack at sp + 4 slots: 0x0000009c555fedb0 is pointing into the stack for thread: 0x0000022b525c59d0
stack at sp + 5 slots: 0x00007ffbf32a3b4a lwjgl_stb.dll
stack at sp + 6 slots: {method} {0x0000022b757526c0} 'nstbi_load_from_memory' '(JIJJJI)J' in 'org/lwjgl/stb/STBImage'
stack at sp + 7 slots: 0x0000000000000004 is an unknown value


---------------  P R O C E S S  ---------------

Threads class SMR info:
_java_thread_list=0x0000022b4430cfa0, length=20, elements={
0x0000022b525c59d0, 0x0000022b749572d0, 0x0000022b74959db0, 0x0000022b7496eac0,
0x0000022b74a82480, 0x0000022b74a82d50, 0x0000022b74a83620, 0x0000022b74a842d0,
0x0000022b74a86710, 0x0000022b74a87020, 0x0000022b74c67cb0, 0x0000022b74c88b10,
0x0000022b74c8b010, 0x0000022b74c91a30, 0x0000022b74c95c90, 0x0000022b7999ce20,
0x0000022b4429e490, 0x0000022b74b52750, 0x0000022b7bb51770, 0x0000022b7bb51c90
}

Java Threads: ( => current thread )
=>0x0000022b525c59d0 JavaThread "main" [_thread_in_native, id=33048, stack(0x0000009c55500000,0x0000009c55600000)]
  0x0000022b749572d0 JavaThread "Reference Handler" daemon [_thread_blocked, id=38864, stack(0x0000009c55c00000,0x0000009c55d00000)]
  0x0000022b74959db0 JavaThread "Finalizer" daemon [_thread_blocked, id=40120, stack(0x0000009c55d00000,0x0000009c55e00000)]
  0x0000022b7496eac0 JavaThread "Signal Dispatcher" daemon [_thread_blocked, id=38552, stack(0x0000009c55e00000,0x0000009c55f00000)]
  0x0000022b74a82480 JavaThread "Attach Listener" daemon [_thread_blocked, id=38580, stack(0x0000009c55f00000,0x0000009c56000000)]
  0x0000022b74a82d50 JavaThread "Service Thread" daemon [_thread_blocked, id=21780, stack(0x0000009c56000000,0x0000009c56100000)]
  0x0000022b74a83620 JavaThread "Monitor Deflation Thread" daemon [_thread_blocked, id=39868, stack(0x0000009c56100000,0x0000009c56200000)]
  0x0000022b74a842d0 JavaThread "C2 CompilerThread0" daemon [_thread_blocked, id=30768, stack(0x0000009c56200000,0x0000009c56300000)]
  0x0000022b74a86710 JavaThread "C1 CompilerThread0" daemon [_thread_blocked, id=40664, stack(0x0000009c56300000,0x0000009c56400000)]
  0x0000022b74a87020 JavaThread "Sweeper thread" daemon [_thread_blocked, id=28236, stack(0x0000009c56400000,0x0000009c56500000)]
  0x0000022b74c67cb0 JavaThread "JDWP Transport Listener: dt_socket" daemon [_thread_blocked, id=35800, stack(0x0000009c56600000,0x0000009c56700000)]
  0x0000022b74c88b10 JavaThread "JDWP Event Helper Thread" daemon [_thread_blocked, id=36204, stack(0x0000009c56700000,0x0000009c56800000)]
  0x0000022b74c8b010 JavaThread "JDWP Command Reader" daemon [_thread_in_native, id=30300, stack(0x0000009c56800000,0x0000009c56900000)]
  0x0000022b74c91a30 JavaThread "Notification Thread" daemon [_thread_blocked, id=9260, stack(0x0000009c56900000,0x0000009c56a00000)]
  0x0000022b74c95c90 JavaThread "Common-Cleaner" daemon [_thread_blocked, id=42156, stack(0x0000009c56b00000,0x0000009c56c00000)]
  0x0000022b7999ce20 JavaThread "Thread-0" daemon [_thread_blocked, id=22356, stack(0x0000009c56c00000,0x0000009c56d00000)]
  0x0000022b4429e490 JavaThread "LWJGL3 Timer" daemon [_thread_blocked, id=32356, stack(0x0000009c57b00000,0x0000009c57c00000)]
  0x0000022b74b52750 JavaThread "C1 CompilerThread1" daemon [_thread_blocked, id=36300, stack(0x0000009c56500000,0x0000009c56600000)]
  0x0000022b7bb51770 JavaThread "C1 CompilerThread2" daemon [_thread_blocked, id=25940, stack(0x0000009c57d00000,0x0000009c57e00000)]
  0x0000022b7bb51c90 JavaThread "C1 CompilerThread3" daemon [_thread_blocked, id=28348, stack(0x0000009c57e00000,0x0000009c57f00000)]

Other Threads:
  0x0000022b74952910 VMThread "VM Thread" [stack: 0x0000009c55b00000,0x0000009c55c00000] [id=36804]
  0x0000022b74c59220 WatcherThread [stack: 0x0000009c56a00000,0x0000009c56b00000] [id=34452]
  0x0000022b5262e750 GCTaskThread "GC Thread#0" [stack: 0x0000009c55600000,0x0000009c55700000] [id=5592]
  0x0000022b5263e200 ConcurrentGCThread "G1 Main Marker" [stack: 0x0000009c55700000,0x0000009c55800000] [id=29068]
  0x0000022b5263f8e0 ConcurrentGCThread "G1 Conc#0" [stack: 0x0000009c55800000,0x0000009c55900000] [id=31528]
  0x0000022b74804e20 ConcurrentGCThread "G1 Refine#0" [stack: 0x0000009c55900000,0x0000009c55a00000] [id=29704]
  0x0000022b748056f0 ConcurrentGCThread "G1 Service" [stack: 0x0000009c55a00000,0x0000009c55b00000] [id=32644]

Threads with active compile tasks:

VM state: not at safepoint (normal execution)

VM Mutex/Monitor currently owned by a thread: None

Heap address: 0x0000000724a00000, size: 3510 MB, Compressed Oops mode: Zero based, Oop shift amount: 3

CDS archive(s) mapped at: [0x0000022b00000000-0x0000022b00bd0000-0x0000022b00bd0000), size 12386304, SharedBaseAddress: 0x0000022b00000000, ArchiveRelocationMode: 1.
Compressed class space mapped at: 0x0000022b01000000-0x0000022b41000000, reserved size: 1073741824
Narrow klass base: 0x0000022b00000000, Narrow klass shift: 0, Narrow klass range: 0x100000000

GC Precious Log:
 CPUs: 16 total, 16 available
 Memory: 14034M
 Large Page Support: Disabled
 NUMA Support: Disabled
 Compressed Oops: Enabled (Zero based)
 Heap Region Size: 2M
 Heap Min Capacity: 8M
 Heap Initial Capacity: 220M
 Heap Max Capacity: 3510M
 Pre-touch: Disabled
 Parallel Workers: 13
 Concurrent Workers: 3
 Concurrent Refinement Workers: 13
 Periodic GC: Disabled

Heap:
 garbage-first heap   total 225280K, used 16384K [0x0000000724a00000, 0x0000000800000000)
  region size 2048K, 9 young (18432K), 0 survivors (0K)
 Metaspace       used 5826K, committed 6016K, reserved 1114112K
  class space    used 382K, committed 512K, reserved 1048576K

Heap Regions: E=young(eden), S=young(survivor), O=old, HS=humongous(starts), HC=humongous(continues), CS=collection set, F=free, OA=open archive, CA=closed archive, TAMS=top-at-mark-start (previous, next)
|   0|0x0000000724a00000, 0x0000000724a00000, 0x0000000724c00000|  0%| F|  |TAMS 0x0000000724a00000, 0x0000000724a00000| Untracked 
|   1|0x0000000724c00000, 0x0000000724c00000, 0x0000000724e00000|  0%| F|  |TAMS 0x0000000724c00000, 0x0000000724c00000| Untracked 
|   2|0x0000000724e00000, 0x0000000724e00000, 0x0000000725000000|  0%| F|  |TAMS 0x0000000724e00000, 0x0000000724e00000| Untracked 
|   3|0x0000000725000000, 0x0000000725000000, 0x0000000725200000|  0%| F|  |TAMS 0x0000000725000000, 0x0000000725000000| Untracked 
|   4|0x0000000725200000, 0x0000000725200000, 0x0000000725400000|  0%| F|  |TAMS 0x0000000725200000, 0x0000000725200000| Untracked 
|   5|0x0000000725400000, 0x0000000725400000, 0x0000000725600000|  0%| F|  |TAMS 0x0000000725400000, 0x0000000725400000| Untracked 
|   6|0x0000000725600000, 0x0000000725600000, 0x0000000725800000|  0%| F|  |TAMS 0x0000000725600000, 0x0000000725600000| Untracked 
|   7|0x0000000725800000, 0x0000000725800000, 0x0000000725a00000|  0%| F|  |TAMS 0x0000000725800000, 0x0000000725800000| Untracked 
|   8|0x0000000725a00000, 0x0000000725a00000, 0x0000000725c00000|  0%| F|  |TAMS 0x0000000725a00000, 0x0000000725a00000| Untracked 
|   9|0x0000000725c00000, 0x0000000725c00000, 0x0000000725e00000|  0%| F|  |TAMS 0x0000000725c00000, 0x0000000725c00000| Untracked 
|  10|0x0000000725e00000, 0x0000000725e00000, 0x0000000726000000|  0%| F|  |TAMS 0x0000000725e00000, 0x0000000725e00000| Untracked 
|  11|0x0000000726000000, 0x0000000726000000, 0x0000000726200000|  0%| F|  |TAMS 0x0000000726000000, 0x0000000726000000| Untracked 
|  12|0x0000000726200000, 0x0000000726200000, 0x0000000726400000|  0%| F|  |TAMS 0x0000000726200000, 0x0000000726200000| Untracked 
|  13|0x0000000726400000, 0x0000000726400000, 0x0000000726600000|  0%| F|  |TAMS 0x0000000726400000, 0x0000000726400000| Untracked 
|  14|0x0000000726600000, 0x0000000726600000, 0x0000000726800000|  0%| F|  |TAMS 0x0000000726600000, 0x0000000726600000| Untracked 
|  15|0x0000000726800000, 0x0000000726800000, 0x0000000726a00000|  0%| F|  |TAMS 0x0000000726800000, 0x0000000726800000| Untracked 
|  16|0x0000000726a00000, 0x0000000726a00000, 0x0000000726c00000|  0%| F|  |TAMS 0x0000000726a00000, 0x0000000726a00000| Untracked 
|  17|0x0000000726c00000, 0x0000000726c00000, 0x0000000726e00000|  0%| F|  |TAMS 0x0000000726c00000, 0x0000000726c00000| Untracked 
|  18|0x0000000726e00000, 0x0000000726e00000, 0x0000000727000000|  0%| F|  |TAMS 0x0000000726e00000, 0x0000000726e00000| Untracked 
|  19|0x0000000727000000, 0x0000000727000000, 0x0000000727200000|  0%| F|  |TAMS 0x0000000727000000, 0x0000000727000000| Untracked 
|  20|0x0000000727200000, 0x0000000727200000, 0x0000000727400000|  0%| F|  |TAMS 0x0000000727200000, 0x0000000727200000| Untracked 
|  21|0x0000000727400000, 0x0000000727400000, 0x0000000727600000|  0%| F|  |TAMS 0x0000000727400000, 0x0000000727400000| Untracked 
|  22|0x0000000727600000, 0x0000000727600000, 0x0000000727800000|  0%| F|  |TAMS 0x0000000727600000, 0x0000000727600000| Untracked 
|  23|0x0000000727800000, 0x0000000727800000, 0x0000000727a00000|  0%| F|  |TAMS 0x0000000727800000, 0x0000000727800000| Untracked 
|  24|0x0000000727a00000, 0x0000000727a00000, 0x0000000727c00000|  0%| F|  |TAMS 0x0000000727a00000, 0x0000000727a00000| Untracked 
|  25|0x0000000727c00000, 0x0000000727c00000, 0x0000000727e00000|  0%| F|  |TAMS 0x0000000727c00000, 0x0000000727c00000| Untracked 
|  26|0x0000000727e00000, 0x0000000727e00000, 0x0000000728000000|  0%| F|  |TAMS 0x0000000727e00000, 0x0000000727e00000| Untracked 
|  27|0x0000000728000000, 0x0000000728000000, 0x0000000728200000|  0%| F|  |TAMS 0x0000000728000000, 0x0000000728000000| Untracked 
|  28|0x0000000728200000, 0x0000000728200000, 0x0000000728400000|  0%| F|  |TAMS 0x0000000728200000, 0x0000000728200000| Untracked 
|  29|0x0000000728400000, 0x0000000728400000, 0x0000000728600000|  0%| F|  |TAMS 0x0000000728400000, 0x0000000728400000| Untracked 
|  30|0x0000000728600000, 0x0000000728600000, 0x0000000728800000|  0%| F|  |TAMS 0x0000000728600000, 0x0000000728600000| Untracked 
|  31|0x0000000728800000, 0x0000000728800000, 0x0000000728a00000|  0%| F|  |TAMS 0x0000000728800000, 0x0000000728800000| Untracked 
|  32|0x0000000728a00000, 0x0000000728a00000, 0x0000000728c00000|  0%| F|  |TAMS 0x0000000728a00000, 0x0000000728a00000| Untracked 
|  33|0x0000000728c00000, 0x0000000728c00000, 0x0000000728e00000|  0%| F|  |TAMS 0x0000000728c00000, 0x0000000728c00000| Untracked 
|  34|0x0000000728e00000, 0x0000000728e00000, 0x0000000729000000|  0%| F|  |TAMS 0x0000000728e00000, 0x0000000728e00000| Untracked 
|  35|0x0000000729000000, 0x0000000729000000, 0x0000000729200000|  0%| F|  |TAMS 0x0000000729000000, 0x0000000729000000| Untracked 
|  36|0x0000000729200000, 0x0000000729200000, 0x0000000729400000|  0%| F|  |TAMS 0x0000000729200000, 0x0000000729200000| Untracked 
|  37|0x0000000729400000, 0x0000000729400000, 0x0000000729600000|  0%| F|  |TAMS 0x0000000729400000, 0x0000000729400000| Untracked 
|  38|0x0000000729600000, 0x0000000729600000, 0x0000000729800000|  0%| F|  |TAMS 0x0000000729600000, 0x0000000729600000| Untracked 
|  39|0x0000000729800000, 0x0000000729800000, 0x0000000729a00000|  0%| F|  |TAMS 0x0000000729800000, 0x0000000729800000| Untracked 
|  40|0x0000000729a00000, 0x0000000729a00000, 0x0000000729c00000|  0%| F|  |TAMS 0x0000000729a00000, 0x0000000729a00000| Untracked 
|  41|0x0000000729c00000, 0x0000000729c00000, 0x0000000729e00000|  0%| F|  |TAMS 0x0000000729c00000, 0x0000000729c00000| Untracked 
|  42|0x0000000729e00000, 0x0000000729e00000, 0x000000072a000000|  0%| F|  |TAMS 0x0000000729e00000, 0x0000000729e00000| Untracked 
|  43|0x000000072a000000, 0x000000072a000000, 0x000000072a200000|  0%| F|  |TAMS 0x000000072a000000, 0x000000072a000000| Untracked 
|  44|0x000000072a200000, 0x000000072a200000, 0x000000072a400000|  0%| F|  |TAMS 0x000000072a200000, 0x000000072a200000| Untracked 
|  45|0x000000072a400000, 0x000000072a400000, 0x000000072a600000|  0%| F|  |TAMS 0x000000072a400000, 0x000000072a400000| Untracked 
|  46|0x000000072a600000, 0x000000072a600000, 0x000000072a800000|  0%| F|  |TAMS 0x000000072a600000, 0x000000072a600000| Untracked 
|  47|0x000000072a800000, 0x000000072a800000, 0x000000072aa00000|  0%| F|  |TAMS 0x000000072a800000, 0x000000072a800000| Untracked 
|  48|0x000000072aa00000, 0x000000072aa00000, 0x000000072ac00000|  0%| F|  |TAMS 0x000000072aa00000, 0x000000072aa00000| Untracked 
|  49|0x000000072ac00000, 0x000000072ac00000, 0x000000072ae00000|  0%| F|  |TAMS 0x000000072ac00000, 0x000000072ac00000| Untracked 
|  50|0x000000072ae00000, 0x000000072ae00000, 0x000000072b000000|  0%| F|  |TAMS 0x000000072ae00000, 0x000000072ae00000| Untracked 
|  51|0x000000072b000000, 0x000000072b000000, 0x000000072b200000|  0%| F|  |TAMS 0x000000072b000000, 0x000000072b000000| Untracked 
|  52|0x000000072b200000, 0x000000072b200000, 0x000000072b400000|  0%| F|  |TAMS 0x000000072b200000, 0x000000072b200000| Untracked 
|  53|0x000000072b400000, 0x000000072b400000, 0x000000072b600000|  0%| F|  |TAMS 0x000000072b400000, 0x000000072b400000| Untracked 
|  54|0x000000072b600000, 0x000000072b600000, 0x000000072b800000|  0%| F|  |TAMS 0x000000072b600000, 0x000000072b600000| Untracked 
|  55|0x000000072b800000, 0x000000072b800000, 0x000000072ba00000|  0%| F|  |TAMS 0x000000072b800000, 0x000000072b800000| Untracked 
|  56|0x000000072ba00000, 0x000000072ba00000, 0x000000072bc00000|  0%| F|  |TAMS 0x000000072ba00000, 0x000000072ba00000| Untracked 
|  57|0x000000072bc00000, 0x000000072bc00000, 0x000000072be00000|  0%| F|  |TAMS 0x000000072bc00000, 0x000000072bc00000| Untracked 
|  58|0x000000072be00000, 0x000000072be00000, 0x000000072c000000|  0%| F|  |TAMS 0x000000072be00000, 0x000000072be00000| Untracked 
|  59|0x000000072c000000, 0x000000072c000000, 0x000000072c200000|  0%| F|  |TAMS 0x000000072c000000, 0x000000072c000000| Untracked 
|  60|0x000000072c200000, 0x000000072c200000, 0x000000072c400000|  0%| F|  |TAMS 0x000000072c200000, 0x000000072c200000| Untracked 
|  61|0x000000072c400000, 0x000000072c400000, 0x000000072c600000|  0%| F|  |TAMS 0x000000072c400000, 0x000000072c400000| Untracked 
|  62|0x000000072c600000, 0x000000072c600000, 0x000000072c800000|  0%| F|  |TAMS 0x000000072c600000, 0x000000072c600000| Untracked 
|  63|0x000000072c800000, 0x000000072c800000, 0x000000072ca00000|  0%| F|  |TAMS 0x000000072c800000, 0x000000072c800000| Untracked 
|  64|0x000000072ca00000, 0x000000072ca00000, 0x000000072cc00000|  0%| F|  |TAMS 0x000000072ca00000, 0x000000072ca00000| Untracked 
|  65|0x000000072cc00000, 0x000000072cc00000, 0x000000072ce00000|  0%| F|  |TAMS 0x000000072cc00000, 0x000000072cc00000| Untracked 
|  66|0x000000072ce00000, 0x000000072ce00000, 0x000000072d000000|  0%| F|  |TAMS 0x000000072ce00000, 0x000000072ce00000| Untracked 
|  67|0x000000072d000000, 0x000000072d000000, 0x000000072d200000|  0%| F|  |TAMS 0x000000072d000000, 0x000000072d000000| Untracked 
|  68|0x000000072d200000, 0x000000072d200000, 0x000000072d400000|  0%| F|  |TAMS 0x000000072d200000, 0x000000072d200000| Untracked 
|  69|0x000000072d400000, 0x000000072d400000, 0x000000072d600000|  0%| F|  |TAMS 0x000000072d400000, 0x000000072d400000| Untracked 
|  70|0x000000072d600000, 0x000000072d600000, 0x000000072d800000|  0%| F|  |TAMS 0x000000072d600000, 0x000000072d600000| Untracked 
|  71|0x000000072d800000, 0x000000072d800000, 0x000000072da00000|  0%| F|  |TAMS 0x000000072d800000, 0x000000072d800000| Untracked 
|  72|0x000000072da00000, 0x000000072da00000, 0x000000072dc00000|  0%| F|  |TAMS 0x000000072da00000, 0x000000072da00000| Untracked 
|  73|0x000000072dc00000, 0x000000072dc00000, 0x000000072de00000|  0%| F|  |TAMS 0x000000072dc00000, 0x000000072dc00000| Untracked 
|  74|0x000000072de00000, 0x000000072de00000, 0x000000072e000000|  0%| F|  |TAMS 0x000000072de00000, 0x000000072de00000| Untracked 
|  75|0x000000072e000000, 0x000000072e000000, 0x000000072e200000|  0%| F|  |TAMS 0x000000072e000000, 0x000000072e000000| Untracked 
|  76|0x000000072e200000, 0x000000072e200000, 0x000000072e400000|  0%| F|  |TAMS 0x000000072e200000, 0x000000072e200000| Untracked 
|  77|0x000000072e400000, 0x000000072e400000, 0x000000072e600000|  0%| F|  |TAMS 0x000000072e400000, 0x000000072e400000| Untracked 
|  78|0x000000072e600000, 0x000000072e600000, 0x000000072e800000|  0%| F|  |TAMS 0x000000072e600000, 0x000000072e600000| Untracked 
|  79|0x000000072e800000, 0x000000072e800000, 0x000000072ea00000|  0%| F|  |TAMS 0x000000072e800000, 0x000000072e800000| Untracked 
|  80|0x000000072ea00000, 0x000000072ea00000, 0x000000072ec00000|  0%| F|  |TAMS 0x000000072ea00000, 0x000000072ea00000| Untracked 
|  81|0x000000072ec00000, 0x000000072ec00000, 0x000000072ee00000|  0%| F|  |TAMS 0x000000072ec00000, 0x000000072ec00000| Untracked 
|  82|0x000000072ee00000, 0x000000072ee00000, 0x000000072f000000|  0%| F|  |TAMS 0x000000072ee00000, 0x000000072ee00000| Untracked 
|  83|0x000000072f000000, 0x000000072f000000, 0x000000072f200000|  0%| F|  |TAMS 0x000000072f000000, 0x000000072f000000| Untracked 
|  84|0x000000072f200000, 0x000000072f200000, 0x000000072f400000|  0%| F|  |TAMS 0x000000072f200000, 0x000000072f200000| Untracked 
|  85|0x000000072f400000, 0x000000072f400000, 0x000000072f600000|  0%| F|  |TAMS 0x000000072f400000, 0x000000072f400000| Untracked 
|  86|0x000000072f600000, 0x000000072f600000, 0x000000072f800000|  0%| F|  |TAMS 0x000000072f600000, 0x000000072f600000| Untracked 
|  87|0x000000072f800000, 0x000000072f800000, 0x000000072fa00000|  0%| F|  |TAMS 0x000000072f800000, 0x000000072f800000| Untracked 
|  88|0x000000072fa00000, 0x000000072fa00000, 0x000000072fc00000|  0%| F|  |TAMS 0x000000072fa00000, 0x000000072fa00000| Untracked 
|  89|0x000000072fc00000, 0x000000072fc00000, 0x000000072fe00000|  0%| F|  |TAMS 0x000000072fc00000, 0x000000072fc00000| Untracked 
|  90|0x000000072fe00000, 0x000000072fe00000, 0x0000000730000000|  0%| F|  |TAMS 0x000000072fe00000, 0x000000072fe00000| Untracked 
|  91|0x0000000730000000, 0x0000000730000000, 0x0000000730200000|  0%| F|  |TAMS 0x0000000730000000, 0x0000000730000000| Untracked 
|  92|0x0000000730200000, 0x0000000730200000, 0x0000000730400000|  0%| F|  |TAMS 0x0000000730200000, 0x0000000730200000| Untracked 
|  93|0x0000000730400000, 0x0000000730400000, 0x0000000730600000|  0%| F|  |TAMS 0x0000000730400000, 0x0000000730400000| Untracked 
|  94|0x0000000730600000, 0x0000000730600000, 0x0000000730800000|  0%| F|  |TAMS 0x0000000730600000, 0x0000000730600000| Untracked 
|  95|0x0000000730800000, 0x0000000730800000, 0x0000000730a00000|  0%| F|  |TAMS 0x0000000730800000, 0x0000000730800000| Untracked 
|  96|0x0000000730a00000, 0x0000000730a00000, 0x0000000730c00000|  0%| F|  |TAMS 0x0000000730a00000, 0x0000000730a00000| Untracked 
|  97|0x0000000730c00000, 0x0000000730c00000, 0x0000000730e00000|  0%| F|  |TAMS 0x0000000730c00000, 0x0000000730c00000| Untracked 
|  98|0x0000000730e00000, 0x0000000730e00000, 0x0000000731000000|  0%| F|  |TAMS 0x0000000730e00000, 0x0000000730e00000| Untracked 
|  99|0x0000000731000000, 0x0000000731000000, 0x0000000731200000|  0%| F|  |TAMS 0x0000000731000000, 0x0000000731000000| Untracked 
| 100|0x0000000731200000, 0x0000000731200000, 0x0000000731400000|  0%| F|  |TAMS 0x0000000731200000, 0x0000000731200000| Untracked 
| 101|0x0000000731400000, 0x00000007315d1f68, 0x0000000731600000| 91%| E|  |TAMS 0x0000000731400000, 0x0000000731400000| Complete 
| 102|0x0000000731600000, 0x0000000731800000, 0x0000000731800000|100%| E|CS|TAMS 0x0000000731600000, 0x0000000731600000| Complete 
| 103|0x0000000731800000, 0x0000000731a00000, 0x0000000731a00000|100%| E|CS|TAMS 0x0000000731800000, 0x0000000731800000| Complete 
| 104|0x0000000731a00000, 0x0000000731c00000, 0x0000000731c00000|100%| E|CS|TAMS 0x0000000731a00000, 0x0000000731a00000| Complete 
| 105|0x0000000731c00000, 0x0000000731e00000, 0x0000000731e00000|100%| E|CS|TAMS 0x0000000731c00000, 0x0000000731c00000| Complete 
| 106|0x0000000731e00000, 0x0000000732000000, 0x0000000732000000|100%| E|CS|TAMS 0x0000000731e00000, 0x0000000731e00000| Complete 
| 107|0x0000000732000000, 0x0000000732200000, 0x0000000732200000|100%| E|CS|TAMS 0x0000000732000000, 0x0000000732000000| Complete 
| 108|0x0000000732200000, 0x0000000732400000, 0x0000000732400000|100%| E|CS|TAMS 0x0000000732200000, 0x0000000732200000| Complete 
| 109|0x0000000732400000, 0x0000000732600000, 0x0000000732600000|100%| E|CS|TAMS 0x0000000732400000, 0x0000000732400000| Complete 

Card table byte_map: [0x0000022b69e00000,0x0000022b6a4e0000] _byte_map_base: 0x0000022b664db000

Marking Bits (Prev, Next): (CMBitMap*) 0x0000022b5262ed70, (CMBitMap*) 0x0000022b5262edb0
 Prev Bits: [0x0000022b6abc0000, 0x0000022b6e298000)
 Next Bits: [0x0000022b6e2a0000, 0x0000022b71978000)

Polling page: 0x0000022b504a0000

Metaspace:

Usage:
  Non-class:      5.32 MB used.
      Class:    382.92 KB used.
       Both:      5.69 MB used.

Virtual space:
  Non-class space:       64.00 MB reserved,       5.38 MB (  8%) committed,  1 nodes.
      Class space:        1.00 GB reserved,     512.00 KB ( <1%) committed,  1 nodes.
             Both:        1.06 GB reserved,       5.88 MB ( <1%) committed. 

Chunk freelists:
   Non-Class:  8.64 MB
       Class:  15.48 MB
        Both:  24.12 MB

MaxMetaspaceSize: unlimited
CompressedClassSpaceSize: 1.00 GB
Initial GC threshold: 21.00 MB
Current GC threshold: 21.00 MB
CDS: on
MetaspaceReclaimPolicy: balanced
 - commit_granule_bytes: 65536.
 - commit_granule_words: 8192.
 - virtual_space_node_default_size: 8388608.
 - enlarge_chunks_in_place: 1.
 - new_chunks_are_fully_committed: 0.
 - uncommit_free_chunks: 1.
 - use_allocation_guard: 0.
 - handle_deallocations: 1.


Internal statistics:

num_allocs_failed_limit: 0.
num_arena_births: 100.
num_arena_deaths: 0.
num_vsnodes_births: 2.
num_vsnodes_deaths: 0.
num_space_committed: 92.
num_space_uncommitted: 0.
num_chunks_returned_to_freelist: 0.
num_chunks_taken_from_freelist: 256.
num_chunk_merges: 0.
num_chunk_splits: 178.
num_chunks_enlarged: 129.
num_inconsistent_stats: 0.

CodeHeap 'non-profiled nmethods': size=119168Kb used=345Kb max_used=345Kb free=118822Kb
 bounds [0x0000022b61a10000, 0x0000022b61c80000, 0x0000022b68e70000]
CodeHeap 'profiled nmethods': size=119104Kb used=2122Kb max_used=2122Kb free=116981Kb
 bounds [0x0000022b59e70000, 0x0000022b5a0e0000, 0x0000022b612c0000]
CodeHeap 'non-nmethods': size=7488Kb used=3401Kb max_used=3415Kb free=4086Kb
 bounds [0x0000022b612c0000, 0x0000022b616a0000, 0x0000022b61a10000]
 total_blobs=2242 nmethods=1146 adapters=1006
 compilation: enabled
              stopped_count=0, restarted_count=0
 full_count=0

Compilation events (20 events):
Event: 5.908 Thread 0x0000022b74a86710 nmethod 1136 0x0000022b5a07d290 code [0x0000022b5a07d420, 0x0000022b5a07d538]
Event: 5.908 Thread 0x0000022b74b52750 nmethod 1135 0x0000022b5a07d610 code [0x0000022b5a07d7c0, 0x0000022b5a07d9a8]
Event: 5.908 Thread 0x0000022b7bb51770 nmethod 1126 0x0000022b5a07db10 code [0x0000022b5a07de60, 0x0000022b5a07f458]
Event: 6.005 Thread 0x0000022b74a86710 1137       3       java.lang.ClassLoader::compareCerts (197 bytes)
Event: 6.006 Thread 0x0000022b74a86710 nmethod 1137 0x0000022b5a07fb90 code [0x0000022b5a07fda0, 0x0000022b5a0806b8]
Event: 6.007 Thread 0x0000022b74a86710 1138       1       sun.nio.fs.WindowsPath::getFileSystem (5 bytes)
Event: 6.007 Thread 0x0000022b74a86710 nmethod 1138 0x0000022b61a65510 code [0x0000022b61a656a0, 0x0000022b61a65778]
Event: 6.011 Thread 0x0000022b74a86710 1139       3       jdk.internal.org.objectweb.asm.SymbolTable::addConstantNameAndType (137 bytes)
Event: 6.011 Thread 0x0000022b74b52750 1140       3       jdk.internal.org.objectweb.asm.SymbolTable$Entry::<init> (20 bytes)
Event: 6.011 Thread 0x0000022b74b52750 nmethod 1140 0x0000022b5a080a10 code [0x0000022b5a080ba0, 0x0000022b5a080d48]
Event: 6.011 Thread 0x0000022b74a86710 nmethod 1139 0x0000022b5a080e10 code [0x0000022b5a081060, 0x0000022b5a0817c8]
Event: 6.020 Thread 0x0000022b74b52750 1141       3       java.util.regex.Pattern$BitClass::is (22 bytes)
Event: 6.021 Thread 0x0000022b74a842d0 1142       4       java.util.regex.Pattern$Node::match (27 bytes)
Event: 6.021 Thread 0x0000022b74b52750 nmethod 1141 0x0000022b5a081c10 code [0x0000022b5a081da0, 0x0000022b5a081f78]
Event: 6.021 Thread 0x0000022b74b52750 1143       3       java.lang.Character::digit (10 bytes)
Event: 6.021 Thread 0x0000022b7bb51770 1144       3       java.lang.CharacterDataLatin1::digit (32 bytes)
Event: 6.021 Thread 0x0000022b74b52750 nmethod 1143 0x0000022b5a082090 code [0x0000022b5a082240, 0x0000022b5a082438]
Event: 6.021 Thread 0x0000022b7bb51770 nmethod 1144 0x0000022b5a082510 code [0x0000022b5a0826c0, 0x0000022b5a082918]
Event: 6.022 Thread 0x0000022b74a842d0 nmethod 1142 0x0000022b61a65810 code [0x0000022b61a65980, 0x0000022b61a65a78]
Event: 6.022 Thread 0x0000022b74a842d0 1145       4       java.lang.ThreadLocal::get (38 bytes)

GC Heap History (0 events):
No events

Deoptimization events (20 events):
Event: 2.224 Thread 0x0000022b7999ce20 DEOPT PACKING pc=0x0000022b59ee39bc sp=0x0000009c56cfdf90
Event: 2.224 Thread 0x0000022b7999ce20 DEOPT UNPACKING pc=0x0000022b61312b43 sp=0x0000009c56cfd470 mode 1
Event: 2.224 Thread 0x0000022b7999ce20 DEOPT PACKING pc=0x0000022b59f7140c sp=0x0000009c56cfe170
Event: 2.224 Thread 0x0000022b7999ce20 DEOPT UNPACKING pc=0x0000022b61312b43 sp=0x0000009c56cfd5d0 mode 1
Event: 2.224 Thread 0x0000022b7999ce20 DEOPT PACKING pc=0x0000022b59f08b94 sp=0x0000009c56cfe200
Event: 2.224 Thread 0x0000022b7999ce20 DEOPT UNPACKING pc=0x0000022b61312b43 sp=0x0000009c56cfd770 mode 1
Event: 2.441 Thread 0x0000022b525c59d0 Uncommon trap: trap_request=0xffffffde fr.pc=0x0000022b61a3f8fc relative=0x000000000000053c
Event: 2.441 Thread 0x0000022b525c59d0 Uncommon trap: reason=class_check action=maybe_recompile pc=0x0000022b61a3f8fc method=java.util.HashMap.getNode(Ljava/lang/Object;)Ljava/util/HashMap$Node; @ 128 c2
Event: 2.441 Thread 0x0000022b525c59d0 DEOPT PACKING pc=0x0000022b61a3f8fc sp=0x0000009c555fdfd0
Event: 2.441 Thread 0x0000022b525c59d0 DEOPT UNPACKING pc=0x0000022b613123a3 sp=0x0000009c555fdf08 mode 2
Event: 2.670 Thread 0x0000022b525c59d0 DEOPT PACKING pc=0x0000022b59f7140c sp=0x0000009c555fd630
Event: 2.670 Thread 0x0000022b525c59d0 DEOPT UNPACKING pc=0x0000022b61312b43 sp=0x0000009c555fca90 mode 1
Event: 2.670 Thread 0x0000022b525c59d0 DEOPT PACKING pc=0x0000022b59ee39bc sp=0x0000009c555fd6c0
Event: 2.670 Thread 0x0000022b525c59d0 DEOPT UNPACKING pc=0x0000022b61312b43 sp=0x0000009c555fcba0 mode 1
Event: 2.670 Thread 0x0000022b525c59d0 DEOPT PACKING pc=0x0000022b59f7140c sp=0x0000009c555fd8a0
Event: 2.670 Thread 0x0000022b525c59d0 DEOPT UNPACKING pc=0x0000022b61312b43 sp=0x0000009c555fcd00 mode 1
Event: 2.670 Thread 0x0000022b525c59d0 DEOPT PACKING pc=0x0000022b59f08b94 sp=0x0000009c555fd930
Event: 2.670 Thread 0x0000022b525c59d0 DEOPT UNPACKING pc=0x0000022b61312b43 sp=0x0000009c555fcea0 mode 1
Event: 4.254 Thread 0x0000022b525c59d0 DEOPT PACKING pc=0x0000022b5a04ef7e sp=0x0000009c555ff330
Event: 4.254 Thread 0x0000022b525c59d0 DEOPT UNPACKING pc=0x0000022b61312b43 sp=0x0000009c555fe878 mode 0

Classes unloaded (0 events):
No events

Classes redefined (0 events):
No events

Internal exceptions (20 events):
Event: 0.474 Thread 0x0000022b525c59d0 Exception <a 'sun/nio/fs/WindowsException'{0x0000000731f59368}> (0x0000000731f59368) 
thrown [s\open\src\hotspot\share\prims\jni.cpp, line 516]
Event: 0.534 Thread 0x0000022b525c59d0 Exception <a 'java/lang/NoSuchMethodError'{0x0000000731c286b8}: 'int java.lang.invoke.DirectMethodHandle$Holder.invokeStaticInit(java.lang.Object, java.lang.Object, int, long)'> (0x0000000731c286b8) 
thrown [s\open\src\hotspot\share\interpreter\linkResolver.cpp, line 759]
Event: 0.535 Thread 0x0000022b525c59d0 Exception <a 'java/lang/NoSuchMethodError'{0x0000000731c2df80}: 'java.lang.Object java.lang.invoke.DirectMethodHandle$Holder.newInvokeSpecial(java.lang.Object, java.lang.Object, int)'> (0x0000000731c2df80) 
thrown [s\open\src\hotspot\share\interpreter\linkResolver.cpp, line 759]
Event: 0.537 Thread 0x0000022b525c59d0 Exception <a 'java/lang/NoSuchMethodError'{0x0000000731c42a88}: 'int java.lang.invoke.DirectMethodHandle$Holder.invokeStaticInit(java.lang.Object, java.lang.Object, long, long)'> (0x0000000731c42a88) 
thrown [s\open\src\hotspot\share\interpreter\linkResolver.cpp, line 759]
Event: 0.538 Thread 0x0000022b525c59d0 Exception <a 'java/lang/NoSuchMethodError'{0x0000000731c48b98}: 'java.lang.Object java.lang.invoke.DirectMethodHandle$Holder.newInvokeSpecial(java.lang.Object, java.lang.Object, long)'> (0x0000000731c48b98) 
thrown [s\open\src\hotspot\share\interpreter\linkResolver.cpp, line 759]
Event: 0.539 Thread 0x0000022b525c59d0 Exception <a 'java/lang/NoSuchMethodError'{0x0000000731c4cbe0}: 'java.lang.Object java.lang.invoke.Invokers$Holder.linkToTargetMethod(java.lang.Object, long, java.lang.Object)'> (0x0000000731c4cbe0) 
thrown [s\open\src\hotspot\share\interpreter\linkResolver.cpp, line 759]
Event: 0.540 Thread 0x0000022b525c59d0 Exception <a 'java/lang/NoSuchMethodError'{0x0000000731c542f8}: 'int java.lang.invoke.DirectMethodHandle$Holder.invokeStaticInit(java.lang.Object, java.lang.Object, java.lang.Object, long)'> (0x0000000731c542f8) 
thrown [s\open\src\hotspot\share\interpreter\linkResolver.cpp, line 759]
Event: 0.564 Thread 0x0000022b525c59d0 Exception <a 'sun/nio/fs/WindowsException'{0x0000000731d07220}> (0x0000000731d07220) 
thrown [s\open\src\hotspot\share\prims\jni.cpp, line 516]
Event: 0.564 Thread 0x0000022b525c59d0 Exception <a 'sun/nio/fs/WindowsException'{0x0000000731d075c0}> (0x0000000731d075c0) 
thrown [s\open\src\hotspot\share\prims\jni.cpp, line 516]
Event: 0.592 Thread 0x0000022b525c59d0 Exception <a 'sun/nio/fs/WindowsException'{0x0000000731dcc6b0}> (0x0000000731dcc6b0) 
thrown [s\open\src\hotspot\share\prims\jni.cpp, line 516]
Event: 0.592 Thread 0x0000022b525c59d0 Exception <a 'sun/nio/fs/WindowsException'{0x0000000731dcca20}> (0x0000000731dcca20) 
thrown [s\open\src\hotspot\share\prims\jni.cpp, line 516]
Event: 0.640 Thread 0x0000022b525c59d0 Exception <a 'sun/nio/fs/WindowsException'{0x0000000731a636b8}> (0x0000000731a636b8) 
thrown [s\open\src\hotspot\share\prims\jni.cpp, line 516]
Event: 0.640 Thread 0x0000022b525c59d0 Exception <a 'sun/nio/fs/WindowsException'{0x0000000731a63a40}> (0x0000000731a63a40) 
thrown [s\open\src\hotspot\share\prims\jni.cpp, line 516]
Event: 2.204 Thread 0x0000022b525c59d0 Exception <a 'java/lang/NoSuchMethodError'{0x0000000731b225a8}: 'java.lang.Object java.lang.invoke.DirectMethodHandle$Holder.newInvokeSpecial(java.lang.Object, long)'> (0x0000000731b225a8) 
thrown [s\open\src\hotspot\share\interpreter\linkResolver.cpp, line 759]
Event: 2.445 Thread 0x0000022b525c59d0 Exception <a 'sun/nio/fs/WindowsException'{0x00000007318a3bc0}> (0x00000007318a3bc0) 
thrown [s\open\src\hotspot\share\prims\jni.cpp, line 516]
Event: 2.445 Thread 0x0000022b525c59d0 Exception <a 'sun/nio/fs/WindowsException'{0x00000007318a3f70}> (0x00000007318a3f70) 
thrown [s\open\src\hotspot\share\prims\jni.cpp, line 516]
Event: 2.450 Thread 0x0000022b525c59d0 Exception <a 'sun/nio/fs/WindowsException'{0x00000007318b4aa8}> (0x00000007318b4aa8) 
thrown [s\open\src\hotspot\share\prims\jni.cpp, line 516]
Event: 2.450 Thread 0x0000022b525c59d0 Exception <a 'sun/nio/fs/WindowsException'{0x00000007318b4d90}> (0x00000007318b4d90) 
thrown [s\open\src\hotspot\share\prims\jni.cpp, line 516]
Event: 6.018 Thread 0x0000022b525c59d0 Exception <a 'sun/nio/fs/WindowsException'{0x000000073157b968}> (0x000000073157b968) 
thrown [s\open\src\hotspot\share\prims\jni.cpp, line 516]
Event: 6.018 Thread 0x0000022b525c59d0 Exception <a 'sun/nio/fs/WindowsException'{0x000000073157bcf0}> (0x000000073157bcf0) 
thrown [s\open\src\hotspot\share\prims\jni.cpp, line 516]

VM Operations (20 events):
Event: 0.108 Executing VM operation: ChangeBreakpoints
Event: 0.108 Executing VM operation: ChangeBreakpoints done
Event: 0.292 Executing VM operation: HandshakeAllThreads
Event: 0.292 Executing VM operation: HandshakeAllThreads done
Event: 0.392 Executing VM operation: HandshakeAllThreads
Event: 0.392 Executing VM operation: HandshakeAllThreads done
Event: 0.440 Executing VM operation: HandshakeAllThreads
Event: 0.440 Executing VM operation: HandshakeAllThreads done
Event: 0.493 Executing VM operation: HandshakeAllThreads
Event: 0.493 Executing VM operation: HandshakeAllThreads done
Event: 1.508 Executing VM operation: Cleanup
Event: 1.508 Executing VM operation: Cleanup done
Event: 2.517 Executing VM operation: Cleanup
Event: 2.517 Executing VM operation: Cleanup done
Event: 2.536 Executing VM operation: HandshakeAllThreads
Event: 2.536 Executing VM operation: HandshakeAllThreads done
Event: 3.537 Executing VM operation: Cleanup
Event: 3.537 Executing VM operation: Cleanup done
Event: 4.538 Executing VM operation: Cleanup
Event: 4.538 Executing VM operation: Cleanup done

Events (20 events):
Event: 2.223 loading class java/util/concurrent/SynchronousQueue$TransferStack$SNode done
Event: 2.224 loading class java/util/concurrent/locks/AbstractQueuedSynchronizer$ConditionObject
Event: 2.224 loading class java/util/concurrent/locks/Condition
Event: 2.224 loading class java/util/concurrent/locks/Condition done
Event: 2.224 loading class java/util/concurrent/locks/AbstractQueuedSynchronizer$ConditionObject done
Event: 2.447 Loaded shared library C:\Users\nyicu\AppData\Local\Temp\lwjgl_ning6y6\3.3.3+5\x64\lwjgl_opengl.dll
Event: 2.454 Thread 0x0000022b7bb6d1a0 Thread added: 0x0000022b7bb6d1a0
Event: 2.536 loading class java/lang/NumberFormatException
Event: 2.536 loading class java/lang/NumberFormatException done
Event: 2.634 loading class java/util/NoSuchElementException
Event: 2.634 loading class java/util/NoSuchElementException done
Event: 2.663 Thread 0x0000022b7bb6d1a0 Thread exited: 0x0000022b7bb6d1a0
Event: 2.732 loading class jdk/internal/math/FDBigInteger
Event: 2.733 loading class jdk/internal/math/FDBigInteger done
Event: 2.738 Thread 0x0000022b4429e490 Thread added: 0x0000022b4429e490
Event: 5.904 Thread 0x0000022b74b52750 Thread exited: 0x0000022b74b52750
Event: 5.905 Thread 0x0000022b74b52750 Thread added: 0x0000022b74b52750
Event: 5.905 Thread 0x0000022b7bb51770 Thread added: 0x0000022b7bb51770
Event: 5.905 Thread 0x0000022b7bb51c90 Thread added: 0x0000022b7bb51c90
Event: 6.020 Loaded shared library C:\Users\nyicu\AppData\Local\Temp\lwjgl_ning6y6\3.3.3+5\x64\lwjgl_stb.dll


Dynamic libraries:
0x00007ff691610000 - 0x00007ff691620000 	C:\Program Files\Java\jdk-17\bin\java.exe
0x00007ffc3aa00000 - 0x00007ffc3ac60000 	C:\WINDOWS\SYSTEM32\ntdll.dll
0x00007ffc3a8f0000 - 0x00007ffc3a9b7000 	C:\WINDOWS\System32\KERNEL32.DLL
0x00007ffc37be0000 - 0x00007ffc37faa000 	C:\WINDOWS\System32\KERNELBASE.dll
0x00007ffc38250000 - 0x00007ffc3839b000 	C:\WINDOWS\System32\ucrtbase.dll
0x00007ffc29630000 - 0x00007ffc29649000 	C:\Program Files\Java\jdk-17\bin\jli.dll
0x00007ffc277c0000 - 0x00007ffc277db000 	C:\Program Files\Java\jdk-17\bin\VCRUNTIME140.dll
0x00007ffc39580000 - 0x00007ffc39632000 	C:\WINDOWS\System32\ADVAPI32.dll
0x00007ffc39770000 - 0x00007ffc39819000 	C:\WINDOWS\System32\msvcrt.dll
0x00007ffc38ba0000 - 0x00007ffc38c46000 	C:\WINDOWS\System32\sechost.dll
0x00007ffc39650000 - 0x00007ffc39766000 	C:\WINDOWS\System32\RPCRT4.dll
0x00007ffc3a4a0000 - 0x00007ffc3a66c000 	C:\WINDOWS\System32\USER32.dll
0x00007ffc387d0000 - 0x00007ffc387f7000 	C:\WINDOWS\System32\win32u.dll
0x00007ffc1ce20000 - 0x00007ffc1d0b7000 	C:\WINDOWS\WinSxS\amd64_microsoft.windows.common-controls_6595b64144ccf1df_6.0.26100.3624_none_3e086962e3345f24\COMCTL32.dll
0x00007ffc39820000 - 0x00007ffc3984a000 	C:\WINDOWS\System32\GDI32.dll
0x00007ffc38110000 - 0x00007ffc38241000 	C:\WINDOWS\System32\gdi32full.dll
0x00007ffc38720000 - 0x00007ffc387c3000 	C:\WINDOWS\System32\msvcp_win.dll
0x00007ffc2b040000 - 0x00007ffc2b04b000 	C:\WINDOWS\SYSTEM32\VERSION.dll
0x00007ffc38970000 - 0x00007ffc3899f000 	C:\WINDOWS\System32\IMM32.DLL
0x00007ffc31c30000 - 0x00007ffc31c3c000 	C:\Program Files\Java\jdk-17\bin\vcruntime140_1.dll
0x00007ffc1a0b0000 - 0x00007ffc1a13e000 	C:\Program Files\Java\jdk-17\bin\msvcp140.dll
0x00007ffb8fff0000 - 0x00007ffb90bd0000 	C:\Program Files\Java\jdk-17\bin\server\jvm.dll
0x00007ffc3a670000 - 0x00007ffc3a678000 	C:\WINDOWS\System32\PSAPI.DLL
0x00007ffba9c50000 - 0x00007ffba9c5a000 	C:\WINDOWS\SYSTEM32\WSOCK32.dll
0x00007ffc2b7e0000 - 0x00007ffc2b816000 	C:\WINDOWS\SYSTEM32\WINMM.dll
0x00007ffc38d40000 - 0x00007ffc38db4000 	C:\WINDOWS\System32\WS2_32.dll
0x00007ffc369f0000 - 0x00007ffc36a0a000 	C:\WINDOWS\SYSTEM32\kernel.appcore.dll
0x00007ffc29770000 - 0x00007ffc2977a000 	C:\Program Files\Java\jdk-17\bin\jimage.dll
0x00007ffc34ff0000 - 0x00007ffc35231000 	C:\WINDOWS\SYSTEM32\DBGHELP.DLL
0x00007ffc3a0e0000 - 0x00007ffc3a462000 	C:\WINDOWS\System32\combase.dll
0x00007ffc3a810000 - 0x00007ffc3a8e6000 	C:\WINDOWS\System32\OLEAUT32.dll
0x00007ffbfe450000 - 0x00007ffbfe489000 	C:\WINDOWS\SYSTEM32\dbgcore.DLL
0x00007ffc38070000 - 0x00007ffc38109000 	C:\WINDOWS\System32\bcryptPrimitives.dll
0x00007ffc1c400000 - 0x00007ffc1c43b000 	C:\Program Files\Java\jdk-17\bin\jdwp.dll
0x00007ffc27780000 - 0x00007ffc277a5000 	C:\Program Files\Java\jdk-17\bin\java.dll
0x00007ffbf6a20000 - 0x00007ffbf6af7000 	C:\Program Files\Java\jdk-17\bin\jsvml.dll
0x00007ffc38dc0000 - 0x00007ffc394e9000 	C:\WINDOWS\System32\SHELL32.dll
0x00007ffc385b0000 - 0x00007ffc38718000 	C:\WINDOWS\System32\wintypes.dll
0x00007ffc35850000 - 0x00007ffc360a2000 	C:\WINDOWS\SYSTEM32\windows.storage.dll
0x00007ffc389b0000 - 0x00007ffc38a9d000 	C:\WINDOWS\System32\SHCORE.dll
0x00007ffc3a7a0000 - 0x00007ffc3a804000 	C:\WINDOWS\System32\shlwapi.dll
0x00007ffc37af0000 - 0x00007ffc37b1f000 	C:\WINDOWS\SYSTEM32\profapi.dll
0x00007ffc314d0000 - 0x00007ffc314dc000 	C:\Program Files\Java\jdk-17\bin\dt_socket.dll
0x00007ffc36490000 - 0x00007ffc364c3000 	C:\WINDOWS\SYSTEM32\IPHLPAPI.DLL
0x00007ffc36f10000 - 0x00007ffc36f7a000 	C:\WINDOWS\system32\mswsock.dll
0x00007ffc364d0000 - 0x00007ffc365f5000 	C:\WINDOWS\SYSTEM32\DNSAPI.dll
0x00007ffc39640000 - 0x00007ffc3964a000 	C:\WINDOWS\System32\NSI.dll
0x00000000577c0000 - 0x00000000577f5000 	C:\Program Files\Bonjour\mdnsNSP.dll
0x00007ffc30c40000 - 0x00007ffc30c4b000 	C:\Windows\System32\rasadhlp.dll
0x00007ffc32470000 - 0x00007ffc324f5000 	C:\WINDOWS\System32\fwpuclnt.dll
0x00007ffc1a090000 - 0x00007ffc1a0a9000 	C:\Program Files\Java\jdk-17\bin\net.dll
0x00007ffc30cb0000 - 0x00007ffc30dcd000 	C:\WINDOWS\SYSTEM32\WINHTTP.dll
0x00007ffbf8a80000 - 0x00007ffbf8a96000 	C:\Program Files\Java\jdk-17\bin\nio.dll
0x00007ffc27760000 - 0x00007ffc27778000 	C:\Program Files\Java\jdk-17\bin\zip.dll
0x000000006e700000 - 0x000000006e72d000 	C:\Users\nyicu\AppData\Local\Temp\libgdxning6y6\2a9d7f76\gdx64.dll
0x00007ffbf3630000 - 0x00007ffbf36ab000 	C:\Users\nyicu\AppData\Local\Temp\lwjgl_ning6y6\3.3.3+5\x64\lwjgl.dll
0x00007ffbf33c0000 - 0x00007ffbf3630000 	C:\Users\nyicu\AppData\Local\Temp\lwjgl_ning6y6\3.3.3+5\x64\jemalloc.dll
0x00007ffbf3330000 - 0x00007ffbf33b2000 	C:\Users\nyicu\AppData\Local\Temp\lwjgl_ning6y6\3.3.3+5\x64\glfw.dll
0x00007ffb8e5c0000 - 0x00007ffb8e60b000 	C:\WINDOWS\SYSTEM32\dinput8.dll
0x00007ffc34330000 - 0x00007ffc34342000 	C:\WINDOWS\SYSTEM32\xinput1_4.dll
0x00007ffc37720000 - 0x00007ffc3777f000 	C:\WINDOWS\SYSTEM32\cfgmgr32.dll
0x00007ffc376f0000 - 0x00007ffc3771d000 	C:\WINDOWS\SYSTEM32\DEVOBJ.dll
0x00007ffc34c80000 - 0x00007ffc34cb6000 	C:\WINDOWS\SYSTEM32\dwmapi.dll
0x00007ffc1d630000 - 0x00007ffc1d810000 	C:\WINDOWS\SYSTEM32\inputhost.dll
0x00007ffc33fc0000 - 0x00007ffc340e6000 	C:\WINDOWS\SYSTEM32\CoreMessaging.dll
0x00007ffc34910000 - 0x00007ffc349be000 	C:\WINDOWS\system32\uxtheme.dll
0x00007ffc38800000 - 0x00007ffc3895d000 	C:\WINDOWS\System32\MSCTF.dll
0x00007ffc371d0000 - 0x00007ffc371dc000 	C:\WINDOWS\SYSTEM32\CRYPTBASE.DLL
0x00007ffbbf3c0000 - 0x00007ffbbf587000 	C:\Users\nyicu\AppData\Local\Temp\lwjgl_ning6y6\3.3.3+5\x64\OpenAL.dll
0x00007ffc39850000 - 0x00007ffc399e6000 	C:\WINDOWS\System32\ole32.dll
0x00007ffc3a6d0000 - 0x00007ffc3a778000 	C:\WINDOWS\System32\clbcatq.dll
0x00007ffc26100000 - 0x00007ffc2619a000 	C:\WINDOWS\System32\MMDevApi.dll
0x00007ffc20f40000 - 0x00007ffc210fd000 	C:\WINDOWS\SYSTEM32\AUDIOSES.DLL
0x00007ffc35250000 - 0x00007ffc35264000 	C:\WINDOWS\SYSTEM32\resourcepolicyclient.dll
0x00007ffc37a30000 - 0x00007ffc37a8e000 	C:\WINDOWS\SYSTEM32\powrprof.dll
0x00007ffc37a10000 - 0x00007ffc37a24000 	C:\WINDOWS\SYSTEM32\UMPDC.dll
0x00007ffbccec0000 - 0x00007ffbccfcc000 	C:\WINDOWS\SYSTEM32\opengl32.dll
0x00007ffbcc930000 - 0x00007ffbcc95d000 	C:\WINDOWS\SYSTEM32\GLU32.dll
0x00007ffc34a40000 - 0x00007ffc34a87000 	C:\WINDOWS\SYSTEM32\dxcore.dll
0x00007ffc34ab0000 - 0x00007ffc34b0e000 	C:\WINDOWS\SYSTEM32\directxdatabasehelper.dll
0x00007ffc1f4c0000 - 0x00007ffc1f4da000 	C:\WINDOWS\SYSTEM32\windows.staterepositorycore.dll
0x00007ffbc61c0000 - 0x00007ffbc61f1000 	C:\WINDOWS\System32\DriverStore\FileRepository\u0412790.inf_amd64_b0a9eb989e37c81c\B413137\atig6pxx.dll
0x00007ffbbfc30000 - 0x00007ffbc3eae000 	C:\WINDOWS\System32\DriverStore\FileRepository\u0412790.inf_amd64_b0a9eb989e37c81c\B413137\atio6axx.dll
0x00007ffc39a70000 - 0x00007ffc39ef6000 	C:\WINDOWS\System32\SETUPAPI.dll
0x00007ffc383a0000 - 0x00007ffc3841f000 	C:\WINDOWS\System32\WINTRUST.dll
0x00007ffc38430000 - 0x00007ffc385a7000 	C:\WINDOWS\System32\CRYPT32.dll
0x00007ffc37220000 - 0x00007ffc37233000 	C:\WINDOWS\SYSTEM32\MSASN1.dll
0x00007ffc37ac0000 - 0x00007ffc37ae6000 	C:\WINDOWS\SYSTEM32\BCrypt.dll
0x00007ffc2b580000 - 0x00007ffc2b5bb000 	C:\WINDOWS\System32\DriverStore\FileRepository\u0412790.inf_amd64_b0a9eb989e37c81c\B413137\amdihk64.dll
0x00007ffbf6740000 - 0x00007ffbf679e000 	C:\Users\nyicu\AppData\Local\Temp\lwjgl_ning6y6\3.3.3+5\x64\lwjgl_opengl.dll
0x00007ffc29440000 - 0x00007ffc29589000 	C:\WINDOWS\SYSTEM32\textinputframework.dll
0x00007ffc30360000 - 0x00007ffc30643000 	C:\WINDOWS\SYSTEM32\CoreUIComponents.dll
0x00007ffbf32a0000 - 0x00007ffbf3322000 	C:\Users\nyicu\AppData\Local\Temp\lwjgl_ning6y6\3.3.3+5\x64\lwjgl_stb.dll

dbghelp: loaded successfully - version: 4.0.5 - missing functions: none
symbol engine: initialized successfully - sym options: 0x614 - pdb path: .;C:\Program Files\Java\jdk-17\bin;C:\WINDOWS\SYSTEM32;C:\WINDOWS\WinSxS\amd64_microsoft.windows.common-controls_6595b64144ccf1df_6.0.26100.3624_none_3e086962e3345f24;C:\Program Files\Java\jdk-17\bin\server;C:\Program Files\Bonjour;C:\Users\nyicu\AppData\Local\Temp\libgdxning6y6\2a9d7f76;C:\Users\nyicu\AppData\Local\Temp\lwjgl_ning6y6\3.3.3+5\x64;C:\WINDOWS\System32\DriverStore\FileRepository\u0412790.inf_amd64_b0a9eb989e37c81c\B413137

VM Arguments:
jvm_args: -agentlib:jdwp=transport=dt_socket,server=n,suspend=y,address=localhost:52185 -XX:+ShowCodeDetailsInExceptionMessages 
java_command: zombie.game.lwjgl3.Lwjgl3Launcher
java_class_path (initial): F:\Ning6y6\study\Zombie_Apocalypse1\lwjgl3\bin\main;\core\bin\default;F:\Ning6y6\study\Zombie_Apocalypse1\core\bin\main;C:\Users\nyicu\.gradle\caches\modules-2\files-2.1\com.badlogicgames.gdx\gdx-backend-lwjgl3\1.12.1\12a144cacb34f0392cd8354f798d99e4836a51a8\gdx-backend-lwjgl3-1.12.1.jar;C:\Users\nyicu\.gradle\caches\modules-2\files-2.1\com.badlogicgames.gdx\gdx-platform\1.12.1\5737be5ce3a4e8f9f77c2d9ab95ab479f9c3705f\gdx-platform-1.12.1-natives-desktop.jar;C:\Users\nyicu\.gradle\caches\modules-2\files-2.1\com.badlogicgames.gdx\gdx\1.12.1\a2d066c09329c457045c284c42d6f37122840aa\gdx-1.12.1.jar;C:\Users\nyicu\.gradle\caches\modules-2\files-2.1\org.lwjgl\lwjgl-glfw\3.3.3\efa1eb78c5ccd840e9f329717109b5e892d72f8e\lwjgl-glfw-3.3.3.jar;C:\Users\nyicu\.gradle\caches\modules-2\files-2.1\org.lwjgl\lwjgl-glfw\3.3.3\a03684c5e4b1b1dbbe0d29dbbdc27b985b6840f2\lwjgl-glfw-3.3.3-natives-linux.jar;C:\Users\nyicu\.gradle\caches\modules-2\files-2.1\org.lwjgl\lwjgl-glfw\3.3.3\d9af485c32545b37dd5359b163161d42d7534dcf\lwjgl-glfw-3.3.3-natives-linux-arm32.jar;C:\Users\nyicu\.gradle\caches\modules-2\files-2.1\org.lwjgl\lwjgl-glfw\3.3.3\492a0f11f85b85899a6568f07511160c1b87cd38\lwjgl-glfw-3.3.3-natives-linux-arm64.jar;C:\Users\nyicu\.gradle\caches\modules-2\files-2.1\org.lwjgl\lwjgl-glfw\3.3.3\a1bf400f6bc64e6195596cb1430dafda46090751\lwjgl-glfw-3.3.3-natives-macos.jar;C:\Users\nyicu\.gradle\caches\modules-2\files-2.1\org.lwjgl\lwjgl-glfw\3.3.3\ee8cc78d0a4a5b3b4600fade6d927c9fc320c858\lwjgl-glfw-3.3.3-natives-macos-arm64.jar;C:\Users\nyicu\.gradle\caches\modules-2\files-2.1\org.lwjgl\lwjgl-glfw\3.3.3\e449e28b4891fc423c54c85fbc5bb0b9efece67a\lwjgl-glfw-3.3.3-natives-windows.jar;C:\Users\nyicu\.gradle\caches\modules-2\files-2.1\org.lwjgl\lwjgl-glfw\3.3.3\32334f3fd5270a59bad9939a93115acb6de36dcf\lwjgl-glfw-3.3.3-natives-windows-x86.jar;C:\Users\nyicu\.gradle\caches\modules-2\files-2.1\org.lwjgl\lwjgl-jemalloc\3.3.3\b543467b7ff3c6920539a88ee602d34098628be5\lwjgl-jemallo
Launcher Type: SUN_STANDARD

[Global flags]
     intx CICompilerCount                          = 12                                        {product} {ergonomic}
     uint ConcGCThreads                            = 3                                         {product} {ergonomic}
     uint G1ConcRefinementThreads                  = 13                                        {product} {ergonomic}
   size_t G1HeapRegionSize                         = 2097152                                   {product} {ergonomic}
    uintx GCDrainStackTargetSize                   = 64                                        {product} {ergonomic}
   size_t InitialHeapSize                          = 230686720                                 {product} {ergonomic}
   size_t MarkStackSize                            = 4194304                                   {product} {ergonomic}
   size_t MaxHeapSize                              = 3680501760                                {product} {ergonomic}
   size_t MaxNewSize                               = 2208301056                                {product} {ergonomic}
   size_t MinHeapDeltaBytes                        = 2097152                                   {product} {ergonomic}
   size_t MinHeapSize                              = 8388608                                   {product} {ergonomic}
    uintx NonNMethodCodeHeapSize                   = 7602480                                {pd product} {ergonomic}
    uintx NonProfiledCodeHeapSize                  = 122027880                              {pd product} {ergonomic}
    uintx ProfiledCodeHeapSize                     = 122027880                              {pd product} {ergonomic}
    uintx ReservedCodeCacheSize                    = 251658240                              {pd product} {ergonomic}
     bool SegmentedCodeCache                       = true                                      {product} {ergonomic}
     bool ShowCodeDetailsInExceptionMessages       = true                                   {manageable} {command line}
   size_t SoftMaxHeapSize                          = 3680501760                             {manageable} {ergonomic}
     bool UseCompressedClassPointers               = true                           {product lp64_product} {ergonomic}
     bool UseCompressedOops                        = true                           {product lp64_product} {ergonomic}
     bool UseG1GC                                  = true                                      {product} {ergonomic}
     bool UseLargePagesIndividualAllocation        = false                                  {pd product} {ergonomic}

Logging:
Log output configuration:
 #0: stdout all=warning uptime,level,tags
 #1: stderr all=off uptime,level,tags

Environment Variables:
PATH=f:\apps\study\cursor\cursor\resources\app\bin;C:\Program Files\Google\Chrome\Application;C:\Program Files\Common Files\Oracle\Java\javapath;C:\WINDOWS\system32;C:\WINDOWS;C:\WINDOWS\System32\Wbem;C:\WINDOWS\System32\WindowsPowerShell\v1.0\;C:\WINDOWS\System32\OpenSSH\;F:\apps\study\nand2tetris\tools;F:\apps\study\MinGW\bin;C:\MinGW\bin;C:\Users\nyicu\AppData\Local\Microsoft\WindowsApps;;F:\ghcup\bin;f:\apps\study\cursor\cursor\resources\app\bin;C:\Users\nyicu\AppData\Local\Microsoft\WindowsApps;C:\Users\nyicu\AppData\Local\Programs\Microsoft VS Code\bin;;F:\ghcup\bin;F:\apps\study\cursor\cursor\resources\app\bin
USERNAME=ning6y6
LANG=en_US.UTF-8
OS=Windows_NT
PROCESSOR_IDENTIFIER=AMD64 Family 25 Model 68 Stepping 1, AuthenticAMD



---------------  S Y S T E M  ---------------

OS:
 Windows 11 , 64 bit Build 26100 (10.0.26100.3775)
OS uptime: 0 days 23:15 hours
Hyper-V role detected

CPU: total 16 (initial active 16) (16 cores per cpu, 2 threads per core) family 25 model 68 stepping 1 microcode 0xa404102, cx8, cmov, fxsr, ht, mmx, 3dnowpref, sse, sse2, sse3, ssse3, sse4a, sse4.1, sse4.2, popcnt, lzcnt, tsc, tscinvbit, avx, avx2, aes, erms, clmul, bmi1, bmi2, adx, sha, fma, vzeroupper, clflush, clflushopt, hv

Memory: 4k page, system-wide physical 14034M (2435M free)
TotalPageFile size 26228M (AvailPageFile size 1390M)
current process WorkingSet (physical memory assigned to process): 135M, peak: 137M
current process commit charge ("private bytes"): 419M, peak: 420M

vm_info: Java HotSpot(TM) 64-Bit Server VM (17.0.12+8-LTS-286) for windows-amd64 JRE (17.0.12+8-LTS-286), built on Jun  5 2024 06:46:59 by "mach5one" with MS VC++ 17.6 (VS2022)

END.
